C:\Program Files (x86)\Microsoft Visual Studio\2019\Community\MSBuild\Microsoft\VC\v160\Microsoft.CppBuild.targets(467,5): warning MSB8028: The intermediate directory (D:\GL\COMP371_Project\Project\Framework\VS2017\/../Build/Debug/) contains files shared from another project (Project.vcxproj).  This can lead to incorrect clean and rebuild behavior.
  main.cpp
D:\GL\COMP371_Project\Project\Framework\VS2017\main.cpp(66,25): warning C4244: 'initializing': conversion from 'double' to 'float', possible loss of data
D:\GL\COMP371_Project\Project\Framework\VS2017\main.cpp(139,18): warning C4244: 'initializing': conversion from 'double' to 'float', possible loss of data
D:\GL\COMP371_Project\Project\Framework\VS2017\main.cpp(157,31): warning C4305: '=': truncation from 'double' to 'float'
D:\GL\COMP371_Project\Project\Framework\VS2017\main.cpp(162,32): warning C4305: '=': truncation from 'double' to 'float'
D:\GL\COMP371_Project\Project\Framework\VS2017\main.cpp(208,42): warning C4305: '+=': truncation from 'double' to 'float'
D:\GL\COMP371_Project\Project\Framework\VS2017\main.cpp(209,36): warning C4305: '+=': truncation from 'double' to 'float'
D:\GL\COMP371_Project\Project\Framework\VS2017\main.cpp(210,34): warning C4305: '+=': truncation from 'double' to 'float'
D:\GL\COMP371_Project\Project\Framework\VS2017\main.cpp(211,35): warning C4305: '+=': truncation from 'double' to 'float'
D:\GL\COMP371_Project\Project\Framework\VS2017\main.cpp(212,37): warning C4305: '+=': truncation from 'double' to 'float'
D:\GL\COMP371_Project\Project\Framework\VS2017\main.cpp(215,42): warning C4305: '+=': truncation from 'double' to 'float'
D:\GL\COMP371_Project\Project\Framework\VS2017\main.cpp(218,41): warning C4305: '+=': truncation from 'double' to 'float'
D:\GL\COMP371_Project\Project\Framework\VS2017\main.cpp(221,39): warning C4305: '+=': truncation from 'double' to 'float'
D:\GL\COMP371_Project\Project\Framework\VS2017\main.cpp(223,40): warning C4305: '+=': truncation from 'double' to 'float'
D:\GL\COMP371_Project\Project\Framework\VS2017\main.cpp(225,42): warning C4305: '+=': truncation from 'double' to 'float'
D:\GL\COMP371_Project\Project\Framework\VS2017\main.cpp(227,42): warning C4305: '+=': truncation from 'double' to 'float'
D:\GL\COMP371_Project\Project\Framework\VS2017\main.cpp(228,36): warning C4305: '+=': truncation from 'double' to 'float'
D:\GL\COMP371_Project\Project\Framework\VS2017\main.cpp(229,34): warning C4305: '+=': truncation from 'double' to 'float'
D:\GL\COMP371_Project\Project\Framework\VS2017\main.cpp(230,35): warning C4305: '+=': truncation from 'double' to 'float'
D:\GL\COMP371_Project\Project\Framework\VS2017\main.cpp(231,37): warning C4305: '+=': truncation from 'double' to 'float'
D:\GL\COMP371_Project\Project\Framework\VS2017\main.cpp(238,42): warning C4305: '-=': truncation from 'double' to 'float'
D:\GL\COMP371_Project\Project\Framework\VS2017\main.cpp(239,36): warning C4305: '-=': truncation from 'double' to 'float'
D:\GL\COMP371_Project\Project\Framework\VS2017\main.cpp(240,34): warning C4305: '-=': truncation from 'double' to 'float'
D:\GL\COMP371_Project\Project\Framework\VS2017\main.cpp(241,35): warning C4305: '-=': truncation from 'double' to 'float'
D:\GL\COMP371_Project\Project\Framework\VS2017\main.cpp(242,37): warning C4305: '-=': truncation from 'double' to 'float'
D:\GL\COMP371_Project\Project\Framework\VS2017\main.cpp(245,42): warning C4305: '-=': truncation from 'double' to 'float'
D:\GL\COMP371_Project\Project\Framework\VS2017\main.cpp(248,41): warning C4305: '-=': truncation from 'double' to 'float'
D:\GL\COMP371_Project\Project\Framework\VS2017\main.cpp(251,39): warning C4305: '-=': truncation from 'double' to 'float'
D:\GL\COMP371_Project\Project\Framework\VS2017\main.cpp(254,40): warning C4305: '-=': truncation from 'double' to 'float'
D:\GL\COMP371_Project\Project\Framework\VS2017\main.cpp(256,42): warning C4305: '-=': truncation from 'double' to 'float'
D:\GL\COMP371_Project\Project\Framework\VS2017\main.cpp(258,42): warning C4305: '-=': truncation from 'double' to 'float'
D:\GL\COMP371_Project\Project\Framework\VS2017\main.cpp(259,36): warning C4305: '-=': truncation from 'double' to 'float'
D:\GL\COMP371_Project\Project\Framework\VS2017\main.cpp(260,34): warning C4305: '-=': truncation from 'double' to 'float'
D:\GL\COMP371_Project\Project\Framework\VS2017\main.cpp(261,35): warning C4305: '-=': truncation from 'double' to 'float'
D:\GL\COMP371_Project\Project\Framework\VS2017\main.cpp(262,37): warning C4305: '-=': truncation from 'double' to 'float'
D:\GL\COMP371_Project\Project\Framework\VS2017\main.cpp(269,42): warning C4305: '+=': truncation from 'double' to 'float'
D:\GL\COMP371_Project\Project\Framework\VS2017\main.cpp(270,36): warning C4305: '+=': truncation from 'double' to 'float'
D:\GL\COMP371_Project\Project\Framework\VS2017\main.cpp(271,34): warning C4305: '+=': truncation from 'double' to 'float'
D:\GL\COMP371_Project\Project\Framework\VS2017\main.cpp(272,35): warning C4305: '+=': truncation from 'double' to 'float'
D:\GL\COMP371_Project\Project\Framework\VS2017\main.cpp(273,37): warning C4305: '+=': truncation from 'double' to 'float'
D:\GL\COMP371_Project\Project\Framework\VS2017\main.cpp(276,42): warning C4305: '+=': truncation from 'double' to 'float'
D:\GL\COMP371_Project\Project\Framework\VS2017\main.cpp(279,41): warning C4305: '+=': truncation from 'double' to 'float'
D:\GL\COMP371_Project\Project\Framework\VS2017\main.cpp(282,39): warning C4305: '+=': truncation from 'double' to 'float'
D:\GL\COMP371_Project\Project\Framework\VS2017\main.cpp(285,40): warning C4305: '+=': truncation from 'double' to 'float'
D:\GL\COMP371_Project\Project\Framework\VS2017\main.cpp(288,42): warning C4305: '+=': truncation from 'double' to 'float'
D:\GL\COMP371_Project\Project\Framework\VS2017\main.cpp(291,42): warning C4305: '+=': truncation from 'double' to 'float'
D:\GL\COMP371_Project\Project\Framework\VS2017\main.cpp(292,36): warning C4305: '+=': truncation from 'double' to 'float'
D:\GL\COMP371_Project\Project\Framework\VS2017\main.cpp(293,34): warning C4305: '+=': truncation from 'double' to 'float'
D:\GL\COMP371_Project\Project\Framework\VS2017\main.cpp(294,35): warning C4305: '+=': truncation from 'double' to 'float'
D:\GL\COMP371_Project\Project\Framework\VS2017\main.cpp(295,37): warning C4305: '+=': truncation from 'double' to 'float'
D:\GL\COMP371_Project\Project\Framework\VS2017\main.cpp(302,42): warning C4305: '-=': truncation from 'double' to 'float'
D:\GL\COMP371_Project\Project\Framework\VS2017\main.cpp(303,36): warning C4305: '-=': truncation from 'double' to 'float'
D:\GL\COMP371_Project\Project\Framework\VS2017\main.cpp(304,34): warning C4305: '-=': truncation from 'double' to 'float'
D:\GL\COMP371_Project\Project\Framework\VS2017\main.cpp(305,35): warning C4305: '-=': truncation from 'double' to 'float'
D:\GL\COMP371_Project\Project\Framework\VS2017\main.cpp(306,37): warning C4305: '-=': truncation from 'double' to 'float'
D:\GL\COMP371_Project\Project\Framework\VS2017\main.cpp(309,42): warning C4305: '-=': truncation from 'double' to 'float'
D:\GL\COMP371_Project\Project\Framework\VS2017\main.cpp(312,41): warning C4305: '-=': truncation from 'double' to 'float'
D:\GL\COMP371_Project\Project\Framework\VS2017\main.cpp(315,39): warning C4305: '-=': truncation from 'double' to 'float'
D:\GL\COMP371_Project\Project\Framework\VS2017\main.cpp(318,40): warning C4305: '-=': truncation from 'double' to 'float'
D:\GL\COMP371_Project\Project\Framework\VS2017\main.cpp(321,42): warning C4305: '-=': truncation from 'double' to 'float'
D:\GL\COMP371_Project\Project\Framework\VS2017\main.cpp(324,42): warning C4305: '-=': truncation from 'double' to 'float'
D:\GL\COMP371_Project\Project\Framework\VS2017\main.cpp(325,36): warning C4305: '-=': truncation from 'double' to 'float'
D:\GL\COMP371_Project\Project\Framework\VS2017\main.cpp(326,34): warning C4305: '-=': truncation from 'double' to 'float'
D:\GL\COMP371_Project\Project\Framework\VS2017\main.cpp(327,35): warning C4305: '-=': truncation from 'double' to 'float'
D:\GL\COMP371_Project\Project\Framework\VS2017\main.cpp(328,37): warning C4305: '-=': truncation from 'double' to 'float'
D:\GL\COMP371_Project\Project\Framework\VS2017\main.cpp(1518,28): warning C4244: '+=': conversion from 'double' to 'float', possible loss of data
D:\GL\COMP371_Project\Project\Framework\VS2017\main.cpp(1523,27): warning C4305: '=': truncation from 'double' to 'float'
D:\GL\COMP371_Project\Project\Framework\VS2017\main.cpp(1527,40): warning C4244: '+=': conversion from 'double' to 'float', possible loss of data
D:\GL\COMP371_Project\Project\Framework\VS2017\main.cpp(1533,64): warning C4244: '-=': conversion from 'double' to 'float', possible loss of data
D:\GL\COMP371_Project\Project\Framework\VS2017\main.cpp(1534,62): warning C4244: '-=': conversion from 'double' to 'float', possible loss of data
  Labs.vcxproj -> D:\GL\COMP371_Project\Project\Framework\VS2017\/../Bin/Labs-Debug.exe
